{"/home/yonamin/frontend-project-46/src/index.js": {"path":"/home/yonamin/frontend-project-46/src/index.js","statementMap":{"0":{"start":{"line":6,"column":16},"end":{"line":29,"column":1}},"1":{"start":{"line":7,"column":15},"end":{"line":7,"column":72}},"2":{"start":{"line":8,"column":19},"end":{"line":22,"column":3}},"3":{"start":{"line":9,"column":19},"end":{"line":9,"column":29}},"4":{"start":{"line":10,"column":19},"end":{"line":10,"column":29}},"5":{"start":{"line":11,"column":4},"end":{"line":14,"column":5}},"6":{"start":{"line":12,"column":21},"end":{"line":12,"column":42}},"7":{"start":{"line":13,"column":6},"end":{"line":13,"column":20}},"8":{"start":{"line":14,"column":6},"end":{"line":17,"column":5}},"9":{"start":{"line":15,"column":21},"end":{"line":15,"column":42}},"10":{"start":{"line":16,"column":6},"end":{"line":16,"column":20}},"11":{"start":{"line":17,"column":6},"end":{"line":20,"column":5}},"12":{"start":{"line":18,"column":21},"end":{"line":18,"column":42}},"13":{"start":{"line":19,"column":6},"end":{"line":19,"column":20}},"14":{"start":{"line":21,"column":4},"end":{"line":21,"column":55}},"15":{"start":{"line":24,"column":15},"end":{"line":27,"column":8}},"16":{"start":{"line":25,"column":18},"end":{"line":25,"column":31}},"17":{"start":{"line":26,"column":4},"end":{"line":26,"column":31}},"18":{"start":{"line":28,"column":2},"end":{"line":28,"column":23}},"19":{"start":{"line":31,"column":13},"end":{"line":36,"column":1}},"20":{"start":{"line":32,"column":16},"end":{"line":32,"column":72}},"21":{"start":{"line":33,"column":16},"end":{"line":33,"column":72}},"22":{"start":{"line":34,"column":17},"end":{"line":34,"column":38}},"23":{"start":{"line":35,"column":2},"end":{"line":35,"column":16}},"24":{"start":{"line":38,"column":13},"end":{"line":38,"column":15}},"25":{"start":{"line":40,"column":42},"end":{"line":40,"column":110}}},"fnMap":{"0":{"name":"(anonymous_0)","decl":{"start":{"line":6,"column":16},"end":{"line":6,"column":17}},"loc":{"start":{"line":6,"column":34},"end":{"line":29,"column":1}},"line":6},"1":{"name":"(anonymous_1)","decl":{"start":{"line":8,"column":19},"end":{"line":8,"column":20}},"loc":{"start":{"line":8,"column":28},"end":{"line":22,"column":3}},"line":8},"2":{"name":"(anonymous_2)","decl":{"start":{"line":24,"column":27},"end":{"line":24,"column":28}},"loc":{"start":{"line":24,"column":41},"end":{"line":27,"column":3}},"line":24},"3":{"name":"(anonymous_3)","decl":{"start":{"line":31,"column":13},"end":{"line":31,"column":14}},"loc":{"start":{"line":31,"column":39},"end":{"line":36,"column":1}},"line":31},"4":{"name":"(anonymous_4)","decl":{"start":{"line":40,"column":15},"end":{"line":40,"column":16}},"loc":{"start":{"line":40,"column":42},"end":{"line":40,"column":110}},"line":40}},"branchMap":{"0":{"loc":{"start":{"line":11,"column":4},"end":{"line":14,"column":5}},"type":"if","locations":[{"start":{"line":11,"column":4},"end":{"line":14,"column":5}},{"start":{},"end":{}}],"line":11},"1":{"loc":{"start":{"line":14,"column":6},"end":{"line":17,"column":5}},"type":"if","locations":[{"start":{"line":14,"column":6},"end":{"line":17,"column":5}},{"start":{},"end":{}}],"line":14},"2":{"loc":{"start":{"line":17,"column":6},"end":{"line":20,"column":5}},"type":"if","locations":[{"start":{"line":17,"column":6},"end":{"line":20,"column":5}},{"start":{},"end":{}}],"line":17},"3":{"loc":{"start":{"line":40,"column":42},"end":{"line":40,"column":110}},"type":"cond-expr","locations":[{"start":{"line":40,"column":77},"end":{"line":40,"column":103}},{"start":{"line":40,"column":106},"end":{"line":40,"column":110}}],"line":40}},"s":{"0":1,"1":1,"2":1,"3":5,"4":5,"5":5,"6":1,"7":1,"8":4,"9":2,"10":2,"11":2,"12":1,"13":1,"14":1,"15":1,"16":5,"17":5,"18":1,"19":1,"20":1,"21":1,"22":1,"23":1,"24":1,"25":1},"f":{"0":1,"1":5,"2":5,"3":1,"4":1},"b":{"0":[1,4],"1":[2,2],"2":[1,1],"3":[1,0]},"_coverageSchema":"1a1c01bbd47fc00a2c39e90264f33305004495a9","hash":"91e55f5d0fef3b9f3953e764e391d69c7b011096"}
}
