TN:
SF:src/index.js
FN:6,(anonymous_0)
FN:8,(anonymous_1)
FN:24,(anonymous_2)
FN:31,(anonymous_3)
FN:40,(anonymous_4)
FNF:5
FNH:5
FNDA:1,(anonymous_0)
FNDA:5,(anonymous_1)
FNDA:5,(anonymous_2)
FNDA:1,(anonymous_3)
FNDA:1,(anonymous_4)
DA:6,1
DA:7,1
DA:8,1
DA:9,5
DA:10,5
DA:11,5
DA:12,1
DA:13,1
DA:14,4
DA:15,2
DA:16,2
DA:17,2
DA:18,1
DA:19,1
DA:21,1
DA:24,1
DA:25,5
DA:26,5
DA:28,1
DA:31,1
DA:32,1
DA:33,1
DA:34,1
DA:35,1
DA:38,1
DA:40,1
LF:26
LH:26
BRDA:11,0,0,1
BRDA:11,0,1,4
BRDA:14,1,0,2
BRDA:14,1,1,2
BRDA:17,2,0,1
BRDA:17,2,1,1
BRDA:40,3,0,1
BRDA:40,3,1,0
BRF:8
BRH:7
end_of_record
